Router hit: /api/health
Router hit: /api/health
Router hit: /api/health
API Index hit. URI: /api/health
Router hit: /api/health
Router hit: /
Router hit: /css/styles.css
Router hit: /js/api.js
Router hit: /js/dashboard.js
Router hit: /favicon.ico
Router hit: /api/auth/login
Router hit: /api/clients?page=1&page_size=1
Router hit: /api/message-template
Router hit: /clientes
Router hit: /css/styles.css
Router hit: /css/clientes.css
Router hit: /css/mensagem.css
Router hit: /js/clientes.js
Router hit: /js/mensagem.js
Router hit: /js/api.js
Router hit: /
Router hit: /api/clients?page=1&page_size=10
Router hit: /css/styles.css
Router hit: /js/api.js
Router hit: /js/dashboard.js
Router hit: /api/clients?page=1&page_size=1
Router hit: /favicon.ico
Router hit: /api/message-template
Router hit: /clientes
Router hit: /css/styles.css
Router hit: /css/clientes.css
Router hit: /css/mensagem.css
Router hit: /js/api.js
Router hit: /js/clientes.js
Router hit: /js/mensagem.js
Router hit: /
Router hit: /api/clients?page=1&page_size=10
Router hit: /css/styles.css
Router hit: /js/api.js
Router hit: /js/dashboard.js
Router hit: /api/clients?page=1&page_size=1
Router hit: /favicon.ico
Router hit: /api/message-template
Router hit: /importacao
Router hit: /css/styles.css
Router hit: /css/importar.css
Router hit: /js/importar.js
Router hit: /js/api.js
Router hit: /
Router hit: /css/styles.css
Router hit: /js/api.js
Router hit: /js/dashboard.js
Router hit: /api/clients?page=1&page_size=1
Router hit: /favicon.ico
Router hit: /api/message-template
Router hit: /clientes
Router hit: /css/styles.css
Router hit: /css/clientes.css
Router hit: /css/mensagem.css
Router hit: /js/api.js
Router hit: /js/clientes.js
Router hit: /js/mensagem.js
Router hit: /
Router hit: /api/clients?page=1&page_size=10
Router hit: /css/styles.css
Router hit: /js/api.js
Router hit: /js/dashboard.js
Router hit: /api/clients?page=1&page_size=1
Router hit: /favicon.ico
Router hit: /api/message-template
Router hit: /favicon.ico
Router hit: /favicon.ico
Router hit: /importacao
Router hit: /css/styles.css
Router hit: /css/importar.css
Router hit: /js/api.js
Router hit: /js/importar.js
Router hit: /
Router hit: /css/styles.css
Router hit: /js/api.js
Router hit: /js/dashboard.js
Router hit: /api/clients?page=1&page_size=1
Router hit: /favicon.ico
Router hit: /api/message-template
Router hit: /js/api.js
Router hit: /favicon.ico
Router hit: /clientes
Router hit: /css/styles.css
Router hit: /css/clientes.css
Router hit: /css/mensagem.css
Router hit: /js/api.js
Router hit: /js/clientes.js
Router hit: /js/mensagem.js
Router hit: /
Router hit: /api/clients?page=1&page_size=10
Router hit: /css/styles.css
Router hit: /js/api.js
Router hit: /js/dashboard.js
Router hit: /api/clients?page=1&page_size=1
Router hit: /favicon.ico
Router hit: /api/message-template
Router hit: /
Router hit: /css/styles.css
Router hit: /js/api.js
Router hit: /js/dashboard.js
Router hit: /api/clients?page=1&page_size=1
Router hit: /api/message-template
Router hit: /favicon.ico
Router hit: /login
Router hit: /css/styles.css
Router hit: /js/api.js
Router hit: /js/dashboard.js
Router hit: /
Router hit: /
Router hit: /api/clients?page=1&page_size=1
Router hit: /css/styles.css
Router hit: /js/api.js
Router hit: /js/dashboard.js
Router hit: /api/clients?page=1&page_size=1
Router hit: /favicon.ico
Router hit: /api/message-template
Router hit: /clientes
Router hit: /css/styles.css
Router hit: /css/clientes.css
Router hit: /css/mensagem.css
Router hit: /js/api.js
Router hit: /js/clientes.js
Router hit: /js/mensagem.js
Router hit: /
Router hit: /api/clients?page=1&page_size=10
Router hit: /css/styles.css
Router hit: /js/api.js
Router hit: /js/dashboard.js
Router hit: /api/clients?page=1&page_size=1
Router hit: /favicon.ico
Router hit: /api/message-template
Router hit: /favicon.ico
Router hit: /favicon.ico
Router hit: /favicon.ico
Router hit: /favicon.ico
Router hit: /clientes
Router hit: /css/styles.css
Router hit: /css/clientes.css
Router hit: /css/mensagem.css
Router hit: /js/api.js
Router hit: /js/clientes.js
Router hit: /js/mensagem.js
Router hit: /
Router hit: /api/clients?page=1&page_size=10
Router hit: /css/styles.css
Router hit: /js/api.js
Router hit: /js/dashboard.js
Router hit: /api/clients?page=1&page_size=1
Router hit: /favicon.ico
Router hit: /api/message-template
Router hit: /clientes
Router hit: /css/styles.css
Router hit: /css/clientes.css
Router hit: /css/mensagem.css
Router hit: /js/api.js
Router hit: /js/clientes.js
Router hit: /js/mensagem.js
Router hit: /
Router hit: /api/clients?page=1&page_size=10
Router hit: /css/styles.css
Router hit: /js/api.js
Router hit: /js/dashboard.js
Router hit: /api/clients?page=1&page_size=1
Router hit: /favicon.ico
Router hit: /api/message-template
Router hit: /clientes
Router hit: /css/styles.css
Router hit: /css/clientes.css
Router hit: /css/mensagem.css
Router hit: /js/api.js
Router hit: /js/clientes.js
Router hit: /js/mensagem.js
Router hit: /
Router hit: /api/clients?page=1&page_size=10
Router hit: /css/styles.css
Router hit: /js/api.js
Router hit: /js/dashboard.js
Router hit: /api/clients?page=1&page_size=1
Router hit: /favicon.ico
Router hit: /api/message-template
Router hit: /
Router hit: /css/styles.css
Router hit: /js/api.js
Router hit: /js/dashboard.js
Router hit: /api/clients?page=1&page_size=1
Router hit: /favicon.ico
Router hit: /api/message-template
Router hit: /js/dashboard.js
Router hit: /favicon.ico
Router hit: /js/api.js
Router hit: /favicon.ico
Router hit: /api/auth/logout
Router hit: /favicon.ico
Router hit: /cadastro
Router hit: /css/styles.css
Router hit: /js/api.js
Router hit: /js/cadastro.js
Router hit: /favicon.ico
Router hit: /
Router hit: /css/styles.css
Router hit: /js/api.js
Router hit: /js/dashboard.js
Router hit: /api/clients?page=1&page_size=1
Router hit: /favicon.ico
Router hit: /api/message-template
Router hit: /clientes
Router hit: /css/styles.css
Router hit: /css/clientes.css
Router hit: /css/mensagem.css
Router hit: /js/api.js
Router hit: /js/clientes.js
Router hit: /js/mensagem.js
Router hit: /
Router hit: /api/clients?page=1&page_size=10
Router hit: /css/styles.css
Router hit: /js/api.js
Router hit: /js/dashboard.js
Router hit: /api/clients?page=1&page_size=1
Router hit: /favicon.ico
Router hit: /api/message-template
Router hit: /importacao
Router hit: /css/styles.css
Router hit: /css/importar.css
Router hit: /js/api.js
Router hit: /js/importar.js
Router hit: /
Router hit: /css/styles.css
Router hit: /js/api.js
Router hit: /js/dashboard.js
Router hit: /api/clients?page=1&page_size=1
Router hit: /favicon.ico
Router hit: /api/message-template
Router hit: /api/health
Router hit: /favicon.ico
Router hit: /login
Router hit: /css/styles.css
Router hit: /js/api.js
Router hit: /js/dashboard.js
Router hit: /
Router hit: /
Router hit: /api/clients?page=1&page_size=1
Router hit: /css/styles.css
Router hit: /js/api.js
Router hit: /js/dashboard.js
Router hit: /api/clients?page=1&page_size=1
Router hit: /favicon.ico
Router hit: /api/message-template
Router hit: /
Router hit: /css/styles.css
Router hit: /js/api.js
Router hit: /js/dashboard.js
Router hit: /api/clients?page=1&page_size=1
Router hit: /api/message-template
Router hit: /favicon.ico
Router hit: /login
Router hit: /css/styles.css
Router hit: /js/api.js
Router hit: /js/dashboard.js
Router hit: /
Router hit: /
Router hit: /api/clients?page=1&page_size=1
Router hit: /css/styles.css
Router hit: /js/api.js
Router hit: /js/dashboard.js
Router hit: /api/clients?page=1&page_size=1
Router hit: /favicon.ico
Router hit: /api/message-template
Router hit: /login
Router hit: /css/styles.css
Router hit: /js/api.js
Router hit: /js/dashboard.js
Router hit: /
Router hit: /css/styles.css
Router hit: /js/api.js
Router hit: /js/dashboard.js
Router hit: /favicon.ico
Router hit: /api/auth/login
Router hit: /api/clients?page=1&page_size=1
Router hit: /api/message-template
Router hit: /favicon.ico
Router hit: /favicon.ico
Router hit: /clientes
Router hit: /css/styles.css
Router hit: /css/clientes.css
Router hit: /css/mensagem.css
Router hit: /js/api.js
Router hit: /js/clientes.js
Router hit: /js/mensagem.js
Router hit: /api/clients?page=1&page_size=10
Router hit: /favicon.ico
Router hit: /
Router hit: /css/styles.css
Router hit: /js/api.js
Router hit: /js/dashboard.js
Router hit: /api/clients?page=1&page_size=1
Router hit: /favicon.ico
Router hit: /api/message-template
Router hit: /importacao
Router hit: /css/styles.css
Router hit: /css/importar.css
Router hit: /js/api.js
Router hit: /js/importar.js
Router hit: /favicon.ico
Router hit: /clientes
Router hit: /api/health
Router hit: /api/clients
Router hit: /clientes
Router hit: /css/styles.css
Router hit: /css/clientes.css
Router hit: /css/mensagem.css
Router hit: /js/api.js
Router hit: /js/clientes.js
Router hit: /js/mensagem.js
Router hit: /api/clients?page=1&page_size=10
Router hit: /favicon.ico
Router hit: /
Router hit: /css/styles.css
Router hit: /js/api.js
Router hit: /js/dashboard.js
Router hit: /favicon.ico
Router hit: /api/auth/login
Router hit: /api/auth/login
Router hit: /api/auth/login
Router hit: /api/auth/login
Router hit: /api/auth/login
Router hit: /api/auth/login
Router hit: /api/auth/login
Router hit: /api/auth/login
Router hit: /
Router hit: /css/styles.css
Router hit: /js/api.js
Router hit: /js/dashboard.js
Router hit: /api/clients?page=1&page_size=1
Router hit: /favicon.ico
Router hit: /api/message-template
Router hit: /clientes
Router hit: /css/clientes.css
Router hit: /css/mensagem.css
Router hit: /css/styles.css
Router hit: /js/api.js
Router hit: /js/clientes.js
Router hit: /js/mensagem.js
Router hit: /api/clients?page=1&page_size=10
Router hit: /favicon.ico
Router hit: /
Router hit: /css/styles.css
Router hit: /js/api.js
Router hit: /js/dashboard.js
Router hit: /api/clients?page=1&page_size=1
Router hit: /favicon.ico
Router hit: /api/message-template
Router hit: /importacao
Router hit: /css/styles.css
Router hit: /css/importar.css
Router hit: /js/importar.js
Router hit: /js/api.js
Router hit: /favicon.ico
Router hit: /
Router hit: /css/styles.css
Router hit: /js/api.js
Router hit: /js/dashboard.js
Router hit: /api/clients?page=1&page_size=1
Router hit: /favicon.ico
Router hit: /api/message-template
Router hit: /importacao
Router hit: /css/styles.css
Router hit: /css/importar.css
Router hit: /js/api.js
Router hit: /js/importar.js
Router hit: /favicon.ico
Router hit: /api/upload-batches
Router hit: /api/upload-batches
Router hit: /
Router hit: /css/styles.css
Router hit: /js/api.js
Router hit: /js/dashboard.js
Router hit: /api/clients?page=1&page_size=1
Router hit: /favicon.ico
Router hit: /api/message-template
Router hit: /importacao
Router hit: /css/styles.css
Router hit: /css/importar.css
Router hit: /js/api.js
Router hit: /js/importar.js
Router hit: /favicon.ico
Router hit: /api/upload-batches
Router hit: /api/imports/upload
Router hit: /importacao
Router hit: /css/styles.css
Router hit: /css/importar.css
Router hit: /js/api.js
Router hit: /js/importar.js
Router hit: /favicon.ico
Router hit: /
Router hit: /css/styles.css
Router hit: /js/api.js
Router hit: /js/dashboard.js
Router hit: /favicon.ico
Router hit: /api/auth/login
Router hit: /api/auth/login
Router hit: /api/clients?page=1&page_size=1
Router hit: /api/message-template
Router hit: /importacao
Router hit: /css/styles.css
Router hit: /css/importar.css
Router hit: /js/api.js
Router hit: /js/importar.js
Router hit: /favicon.ico
Router hit: /api/imports/upload
Router hit: /api/imports/upload
Router hit: /importacao
Router hit: /css/styles.css
Router hit: /css/importar.css
Router hit: /js/api.js
Router hit: /js/importar.js
Router hit: /favicon.ico
Router hit: /index.php
Router hit: /favicon.ico
Router hit: /
Router hit: /css/styles.css
Router hit: /js/api.js
Router hit: /js/dashboard.js
Router hit: /api/clients?page=1&page_size=1
Router hit: /favicon.ico
Router hit: /api/message-template
Router hit: /importacao
Router hit: /css/styles.css
Router hit: /css/importar.css
Router hit: /js/api.js
Router hit: /js/importar.js
Router hit: /favicon.ico
Router hit: /api/imports/upload
Router hit: /importacao
Router hit: /css/styles.css
Router hit: /css/importar.css
Router hit: /js/api.js
Router hit: /js/importar.js
Router hit: /favicon.ico
Router hit: /importacao
Router hit: /css/styles.css
Router hit: /css/importar.css
Router hit: /js/api.js
Router hit: /js/importar.js
Router hit: /favicon.ico
Router hit: /importacao
Router hit: /css/styles.css
Router hit: /css/importar.css
Router hit: /js/api.js
Router hit: /js/importar.js
Router hit: /favicon.ico
Router hit: /importacao
Router hit: /css/styles.css
Router hit: /css/importar.css
Router hit: /js/api.js
Router hit: /js/importar.js
Router hit: /favicon.ico
Router hit: /importacao
Router hit: /css/styles.css
Router hit: /css/importar.css
Router hit: /js/api.js
Router hit: /js/importar.js
Router hit: /favicon.ico
Router hit: /importacao
Router hit: /css/styles.css
Router hit: /css/importar.css
Router hit: /js/api.js
Router hit: /js/importar.js
Router hit: /favicon.ico
Router hit: /api/imports/upload
Router hit: /importacao
Router hit: /css/styles.css
Router hit: /css/importar.css
Router hit: /js/api.js
Router hit: /js/importar.js
Router hit: /favicon.ico
Router hit: /api/imports/upload
Router hit: /importacao
Router hit: /css/styles.css
Router hit: /css/importar.css
Router hit: /js/api.js
Router hit: /js/importar.js
Router hit: /favicon.ico
Router hit: /api/imports/upload
Router hit: /clientes
Router hit: /css/styles.css
Router hit: /css/clientes.css
Router hit: /css/mensagem.css
Router hit: /js/api.js
Router hit: /js/clientes.js
Router hit: /js/mensagem.js
Router hit: /api/clients?page=1&page_size=10
Router hit: /favicon.ico
Router hit: /
Router hit: /css/styles.css
Router hit: /js/api.js
Router hit: /js/dashboard.js
Router hit: /api/clients?page=1&page_size=1
Router hit: /favicon.ico
Router hit: /api/message-template
Router hit: /clientes
Router hit: /css/styles.css
Router hit: /css/clientes.css
Router hit: /css/mensagem.css
Router hit: /js/api.js
Router hit: /js/clientes.js
Router hit: /js/mensagem.js
Router hit: /api/clients?page=1&page_size=10
Router hit: /favicon.ico
Router hit: /favicon.ico
Router hit: /api/message-template
Router hit: /importacao
Router hit: /css/styles.css
Router hit: /css/importar.css
Router hit: /js/api.js
Router hit: /js/importar.js
Router hit: /favicon.ico
Router hit: /api/imports/upload
Router hit: /api/clients?page=1&page_size=10
Router hit: /importacao
Router hit: /css/styles.css
Router hit: /css/importar.css
Router hit: /js/api.js
Router hit: /js/importar.js
Router hit: /favicon.ico
Router hit: /api/imports/upload
Router hit: /clientes
Router hit: /css/styles.css
Router hit: /css/clientes.css
Router hit: /css/mensagem.css
Router hit: /js/api.js
Router hit: /js/clientes.js
Router hit: /js/mensagem.js
Router hit: /api/clients?page=1&page_size=10
Router hit: /favicon.ico
Router hit: /clientes
Router hit: /css/styles.css
Router hit: /css/clientes.css
Router hit: /css/mensagem.css
Router hit: /js/api.js
Router hit: /js/clientes.js
Router hit: /js/mensagem.js
Router hit: /api/clients?page=1&page_size=10
Router hit: /favicon.ico
Router hit: /clientes
Router hit: /css/styles.css
Router hit: /css/clientes.css
Router hit: /css/mensagem.css
Router hit: /js/api.js
Router hit: /js/clientes.js
Router hit: /js/mensagem.js
Router hit: /api/clients?page=1&page_size=10
Router hit: /favicon.ico
Router hit: /clientes
Router hit: /css/styles.css
Router hit: /css/clientes.css
Router hit: /css/mensagem.css
Router hit: /js/api.js
Router hit: /js/clientes.js
Router hit: /js/mensagem.js
Router hit: /api/clients?page=1&page_size=10
Router hit: /favicon.ico
Router hit: /clientes
Router hit: /css/styles.css
Router hit: /css/clientes.css
Router hit: /css/mensagem.css
Router hit: /js/api.js
Router hit: /js/clientes.js
Router hit: /js/mensagem.js
Router hit: /api/clients?page=1&page_size=10
Router hit: /favicon.ico
Router hit: /clientes
Router hit: /css/styles.css
Router hit: /css/clientes.css
Router hit: /css/mensagem.css
Router hit: /js/api.js
Router hit: /js/clientes.js
Router hit: /js/mensagem.js
Router hit: /api/clients?page=1&page_size=10
Router hit: /favicon.ico
Router hit: /clientes
Router hit: /css/styles.css
Router hit: /css/clientes.css
Router hit: /css/mensagem.css
Router hit: /js/api.js
Router hit: /js/clientes.js
Router hit: /js/mensagem.js
Router hit: /api/clients?page=1&page_size=10
Router hit: /favicon.ico
Router hit: /clientes
Router hit: /css/styles.css
Router hit: /css/clientes.css
Router hit: /css/mensagem.css
Router hit: /js/api.js
Router hit: /js/clientes.js
Router hit: /js/mensagem.js
Router hit: /api/clients?page=1&page_size=10
Router hit: /favicon.ico
Router hit: /
Router hit: /css/styles.css
Router hit: /js/api.js
Router hit: /js/dashboard.js
Router hit: /api/clients?page=1&page_size=1
Router hit: /favicon.ico
Router hit: /api/message-template
Router hit: /clientes
Router hit: /css/styles.css
Router hit: /css/clientes.css
Router hit: /css/mensagem.css
Router hit: /js/api.js
Router hit: /js/clientes.js
Router hit: /js/mensagem.js
Router hit: /api/clients?page=1&page_size=10
Router hit: /favicon.ico
Router hit: /
Router hit: /css/styles.css
Router hit: /js/api.js
Router hit: /js/dashboard.js
Router hit: /api/clients?page=1&page_size=1
Router hit: /favicon.ico
Router hit: /api/message-template
Router hit: /importacao
Router hit: /css/styles.css
Router hit: /css/importar.css
Router hit: /js/api.js
Router hit: /js/importar.js
Router hit: /favicon.ico
Router hit: /api/imports/upload
Router hit: /clientes
Router hit: /css/styles.css
Router hit: /css/clientes.css
Router hit: /css/mensagem.css
Router hit: /js/api.js
Router hit: /js/clientes.js
Router hit: /js/mensagem.js
Router hit: /api/clients?page=1&page_size=10
Router hit: /favicon.ico
Router hit: /docs
Router hit: /css/styles.css
Router hit: /js/api.js
Router hit: /js/dashboard.js
Router hit: /
Router hit: /css/styles.css
Router hit: /js/api.js
Router hit: /js/dashboard.js
Router hit: /docs
Router hit: /css/styles.css
Router hit: /js/api.js
Router hit: /js/dashboard.js
Router hit: /
Router hit: /css/styles.css
Router hit: /js/api.js
Router hit: /js/dashboard.js
Router hit: /favicon.ico
Router hit: /cadastro
Router hit: /css/styles.css
Router hit: /js/api.js
Router hit: /js/cadastro.js
Router hit: /favicon.ico
Router hit: /favicon.ico
Router hit: /docs
Router hit: /css/styles.css
Router hit: /js/api.js
Router hit: /js/dashboard.js
Router hit: /
Router hit: /css/styles.css
Router hit: /js/api.js
Router hit: /js/dashboard.js
Router hit: /docs
Router hit: /css/styles.css
Router hit: /js/api.js
Router hit: /js/dashboard.js
Router hit: /
Router hit: /css/styles.css
Router hit: /js/api.js
Router hit: /js/dashboard.js
Router hit: /favicon.ico
Router hit: /
Router hit: /css/styles.css
Router hit: /js/api.js
Router hit: /js/dashboard.js
Router hit: /favicon.ico
Router hit: /
Router hit: /
Router hit: /cadastro
Router hit: /api/auth/register-company
Router hit: /
Router hit: /css/styles.css
Router hit: /js/api.js
Router hit: /js/dashboard.js
Router hit: /favicon.ico
Router hit: /
Router hit: /css/styles.css
Router hit: /js/api.js
Router hit: /js/dashboard.js
Router hit: /favicon.ico
Router hit: /
Router hit: /css/styles.css
Router hit: /js/api.js
Router hit: /js/dashboard.js
Router hit: /favicon.ico
Router hit: /
Router hit: /cadastro
Router hit: /api/auth/register-company
Router hit: /api/auth/login
Router hit: /api/clients?page=1&page_size=10
Router hit: /api/auth/login
Router hit: /api/clients?page=1&page_size=10
Router hit: /api/clients/1
Router hit: /api/message-template
Router hit: /api/customers/1/send-manual-message
Router hit: /api/receivables/1/queue-standard-message
Router hit: /api/upload-batches/1/pendings
Router hit: /api/auth/login
Router hit: /api/clients?page=1&page_size=10
Router hit: /api/clients/1
Router hit: /api/message-template
Router hit: /api/customers/1/send-manual-message
Router hit: /api/receivables/1/queue-standard-message
Router hit: /api/upload-batches/1/pendings
Router hit: /api/auth/login
Router hit: /api/imports/upload
Router hit: /api/auth/login
Router hit: /api/clients?page=1&page_size=10
Router hit: /api/auth/login
Router hit: /api/auth/login
Router hit: /docs
Router hit: /css/styles.css
Router hit: /js/api.js
Router hit: /js/dashboard.js
Router hit: /
Router hit: /css/styles.css
Router hit: /js/api.js
Router hit: /js/dashboard.js
Router hit: /docs
Router hit: /css/styles.css
Router hit: /js/api.js
Router hit: /js/dashboard.js
Router hit: /
Router hit: /css/styles.css
Router hit: /js/api.js
Router hit: /js/dashboard.js
Router hit: /favicon.ico
Router hit: /api/auth/login
Router hit: /api/clients?page=1&page_size=1
Router hit: /api/message-template
Router hit: /importacao
Router hit: /css/styles.css
Router hit: /css/importar.css
Router hit: /js/api.js
Router hit: /js/importar.js
Router hit: /favicon.ico
Router hit: /api/imports/upload
Router hit: /clientes
Router hit: /css/styles.css
Router hit: /css/clientes.css
Router hit: /css/mensagem.css
Router hit: /js/api.js
Router hit: /js/clientes.js
Router hit: /js/mensagem.js
Router hit: /api/clients?page=1&page_size=10
Router hit: /favicon.ico
Router hit: /favicon.ico
Router hit: /importacao
Router hit: /css/styles.css
Router hit: /css/importar.css
Router hit: /js/api.js
Router hit: /js/importar.js
Router hit: /favicon.ico
Router hit: /api/imports/upload
Router hit: /clientes
Router hit: /css/styles.css
Router hit: /css/clientes.css
Router hit: /css/mensagem.css
Router hit: /js/api.js
Router hit: /js/clientes.js
Router hit: /js/mensagem.js
Router hit: /api/clients?page=1&page_size=10
Router hit: /favicon.ico
Router hit: /favicon.ico
Router hit: /importacao
Router hit: /css/styles.css
Router hit: /css/importar.css
Router hit: /js/api.js
Router hit: /js/importar.js
Router hit: /favicon.ico
Router hit: /api/imports/upload
Router hit: /api/auth/login
Router hit: /api/imports/upload
Router hit: /api/auth/login
Router hit: /api/imports/upload
Router hit: /api/auth/login
Router hit: /api/imports/upload
Router hit: /api/auth/login
Router hit: /api/imports/upload
Router hit: /importacao
Router hit: /css/styles.css
Router hit: /css/importar.css
Router hit: /js/api.js
Router hit: /js/importar.js
Router hit: /favicon.ico
Router hit: /api/imports/upload
Router hit: /clientes
Router hit: /css/styles.css
Router hit: /css/clientes.css
Router hit: /css/mensagem.css
Router hit: /js/api.js
Router hit: /js/clientes.js
Router hit: /js/mensagem.js
Router hit: /api/clients?page=1&page_size=10
Router hit: /favicon.ico
